<?xml version="1.0" encoding="UTF-8"?>
<!-- Generated by org.testng.reporters.JUnitReportReporter -->
<testsuite hostname="Amit-Roy" failures="0" tests="3" name="demo2.PracticeDemo2Test" time="0.064" errors="0" timestamp="2025-09-05T23:42:42 IST" skipped="0">
  <testcase classname="demo2.PracticeDemo2Test" name="stopTest" time="0.006"/>
  <system-out/>
  <testcase classname="demo2.PracticeDemo2Test" name="deleteStopTest" time="0.050"/>
  <system-out/>
  <testcase classname="demo2.PracticeDemo2Test" name="modifyStopTest" time="0.008"/>
  <system-out/>
</testsuite> <!-- demo2.PracticeDemo2Test -->
