<?xml version="1.0" encoding="UTF-8"?>
<!-- Generated by org.testng.reporters.JUnitReportReporter -->
<testsuite hostname="Amit-Roy" failures="0" tests="2" name="demo1.PracticeDemoTest" time="0.128" errors="0" timestamp="2025-09-05T12:16:07 IST" skipped="0">
  <testcase classname="demo1.PracticeDemoTest" name="startTest" time="0.016"/>
  <system-out/>
  <testcase classname="demo1.PracticeDemoTest" name="modifyStartTest" time="0.112"/>
  <system-out/>
</testsuite> <!-- demo1.PracticeDemoTest -->
