<?xml version="1.0" encoding="UTF-8"?>
<!-- Generated by org.testng.reporters.JUnitReportReporter -->
<testsuite hostname="Amit-Roy" failures="0" tests="2" name="demo2.PracticeDemo2Test" time="0.036" errors="0" timestamp="2025-09-05T12:16:07 IST" skipped="0">
  <testcase classname="demo2.PracticeDemo2Test" name="modifyStopTest" time="0.017"/>
  <system-out/>
  <testcase classname="demo2.PracticeDemo2Test" name="stopTest" time="0.019"/>
  <system-out/>
</testsuite> <!-- demo2.PracticeDemo2Test -->
